2026-04-30 18:31:11,135 - TrainingPipeline - INFO - Raw data not found. Generating synthetic dataset...
2026-04-30 18:31:11,616 - src.data_loader - INFO - Loading data from D:\Projects\Fraud Detection System\data\creditcard_sample.csv
2026-04-30 18:31:11,725 - src.data_loader - INFO - Schema validation passed.
2026-04-30 18:31:11,726 - src.data_loader - INFO - Data loaded and validated successfully.
2026-04-30 18:31:11,726 - src.preprocessing - INFO - Starting preprocessing pipeline.
2026-04-30 18:31:11,727 - src.preprocessing - INFO - Scaling 'Amount' column.
2026-04-30 18:31:11,734 - src.preprocessing - INFO - Scaler saved to D:\Projects\Fraud Detection System\models\scaler.joblib
2026-04-30 18:31:11,747 - src.preprocessing - INFO - Applying SMOTE to handle class imbalance on training data.
2026-04-30 18:31:13,887 - src.preprocessing - INFO - Original training shape: (16000, 30)
2026-04-30 18:31:13,888 - src.preprocessing - INFO - Resampled training shape: (31212, 30)
2026-04-30 18:31:13,900 - src.preprocessing - INFO - Processed data saved to D:\Projects\Fraud Detection System\data\processed_data.joblib
2026-04-30 18:31:13,903 - src.model_training - INFO - Loading processed data.
2026-04-30 18:31:13,926 - src.model_training - INFO - Training LogisticRegression with Grid Search...
2026-04-30 18:31:18,665 - src.model_training - INFO - LogisticRegression -> F1: 0.1137, Precision: 0.0623, Recall: 0.6531, ROC-AUC: 0.7517
2026-04-30 18:31:18,665 - src.model_training - INFO - Training RandomForest with Grid Search...
2026-04-30 18:32:06,011 - src.model_training - INFO - RandomForest -> F1: 0.3333, Precision: 0.2475, Recall: 0.5102, ROC-AUC: 0.8152
2026-04-30 18:32:06,011 - src.model_training - INFO - Training XGBoost with Grid Search...
2026-04-30 18:32:17,227 - src.model_training - INFO - XGBoost -> F1: 0.4541, Precision: 0.3969, Recall: 0.5306, ROC-AUC: 0.8229
2026-04-30 18:32:17,227 - src.model_training - INFO - Best Model: XGBoost with F1-score: 0.4541
2026-04-30 18:32:17,238 - src.model_training - INFO - Best model saved to D:\Projects\Fraud Detection System\models\best_model.joblib
2026-04-30 18:32:17,246 - TrainingPipeline - INFO - Pipeline completed successfully.
2026-05-01 19:47:21,246 - src.data_loader - INFO - Loading data from D:\Projects\Fraud Detection System\data\creditcard_sample.csv
2026-05-01 19:47:21,429 - src.data_loader - INFO - Schema validation passed.
2026-05-01 19:47:21,430 - src.data_loader - INFO - Data loaded and validated successfully.
2026-05-01 19:47:21,430 - src.preprocessing - INFO - Starting preprocessing pipeline.
2026-05-01 19:47:21,431 - src.preprocessing - INFO - Scaling 'Amount' column.
2026-05-01 19:47:21,444 - src.preprocessing - INFO - Scaler saved to D:\Projects\Fraud Detection System\models\scaler.joblib
2026-05-01 19:47:21,460 - src.preprocessing - INFO - Applying SMOTE to handle class imbalance on training data.
2026-05-01 19:47:23,548 - src.preprocessing - INFO - Original training shape: (16000, 30)
2026-05-01 19:47:23,548 - src.preprocessing - INFO - Resampled training shape: (31212, 30)
2026-05-01 19:47:23,556 - src.preprocessing - INFO - Processed data saved to D:\Projects\Fraud Detection System\data\processed_data.joblib
2026-05-01 19:47:23,557 - src.model_training - INFO - Loading processed data.
2026-05-01 19:47:23,576 - src.model_training - INFO - Training LogisticRegression with Grid Search...
2026-05-01 19:47:29,132 - src.model_training - INFO - LogisticRegression -> F1: 0.1137, Precision: 0.0623, Recall: 0.6531, ROC-AUC: 0.7517
2026-05-01 19:47:29,132 - src.model_training - INFO - Training RandomForest with Grid Search...
2026-05-01 19:48:54,105 - src.data_loader - INFO - Loading data from D:\Projects\Fraud Detection System\data\creditcard_sample.csv
2026-05-01 19:48:54,195 - src.data_loader - INFO - Schema validation passed.
2026-05-01 19:48:54,195 - src.data_loader - INFO - Data loaded and validated successfully.
2026-05-01 19:48:54,195 - src.preprocessing - INFO - Starting preprocessing pipeline.
2026-05-01 19:48:54,196 - src.preprocessing - INFO - Scaling 'Amount' column.
2026-05-01 19:48:54,200 - src.preprocessing - INFO - Scaler saved to D:\Projects\Fraud Detection System\models\scaler.joblib
2026-05-01 19:48:54,210 - src.preprocessing - INFO - Applying SMOTE to handle class imbalance on training data.
2026-05-01 19:48:55,596 - src.preprocessing - INFO - Original training shape: (16000, 30)
2026-05-01 19:48:55,597 - src.preprocessing - INFO - Resampled training shape: (31212, 30)
2026-05-01 19:48:55,605 - src.preprocessing - INFO - Processed data saved to D:\Projects\Fraud Detection System\data\processed_data.joblib
2026-05-01 19:48:55,606 - src.model_training - INFO - Loading processed data.
2026-05-01 19:48:55,626 - src.model_training - INFO - Training LogisticRegression with Grid Search...
2026-05-01 19:49:02,530 - src.model_training - INFO - LogisticRegression -> F1: 0.1137, Precision: 0.0623, Recall: 0.6531, ROC-AUC: 0.7517
2026-05-01 19:49:02,531 - src.model_training - INFO - Training RandomForest with Grid Search...
2026-05-01 19:50:44,091 - src.model_training - INFO - RandomForest -> F1: 0.3333, Precision: 0.2475, Recall: 0.5102, ROC-AUC: 0.8152
2026-05-01 19:50:44,092 - src.model_training - INFO - Training XGBoost with Grid Search...
2026-05-01 19:51:05,907 - src.model_training - INFO - XGBoost -> F1: 0.4541, Precision: 0.3969, Recall: 0.5306, ROC-AUC: 0.8229
2026-05-01 19:51:05,908 - src.model_training - INFO - Best Model: XGBoost with F1-score: 0.4541
2026-05-01 19:51:05,917 - src.model_training - INFO - Best model saved to D:\Projects\Fraud Detection System\models\best_model.joblib
2026-05-01 19:51:05,926 - TrainingPipeline - INFO - Pipeline completed successfully.
2026-05-01 19:51:29,876 - src.inference - INFO - Loading model and scaler for inference.
2026-05-01 19:51:39,715 - src.inference - INFO - Inference assets loaded successfully.
2026-05-01 19:52:49,022 - __main__ - INFO - Received prediction request.
2026-05-01 19:52:49,057 - src.inference - INFO - Prediction made: 1 (Prob: 0.8580)
2026-05-01 19:52:57,938 - __main__ - INFO - Received prediction request.
2026-05-01 19:52:57,969 - src.inference - INFO - Prediction made: 1 (Prob: 0.8542)
2026-05-01 19:53:06,092 - __main__ - INFO - Received prediction request.
2026-05-01 19:53:06,113 - src.inference - INFO - Prediction made: 1 (Prob: 0.8473)
